<?xml version="1.0" encoding="UTF-8"?>
<testsuite name="유효한 taskId 와 Todos 가 있는 경우" tests="1" skipped="0" failures="0" errors="0" timestamp="2023-09-01T08:51:41" hostname="caoyus-MacBook-Pro.local" time="0.266">
  <properties/>
  <testcase name="TodoGetResponse 리스트를 반환한다." classname="com.growth.task.todo.application.TodosServiceTest$Describe_getTodosByTaskId$Context_withValidTaskIdAndTodos" time="0.266"/>
  <system-out><![CDATA[]]></system-out>
  <system-err><![CDATA[]]></system-err>
</testsuite>
