<?xml version="1.0" encoding="UTF-8"?>
<testsuite name="user 정보가 없다면" tests="1" skipped="0" failures="0" errors="0" timestamp="2023-09-01T08:51:40" hostname="caoyus-MacBook-Pro.local" time="0.025">
  <properties/>
  <testcase name="400를 응답한다" classname="com.growth.task.task.controller.TaskAddControllerTest$Describe_POST$Context_without_user_in_task_request" time="0.025"/>
  <system-out><![CDATA[2023-09-01T17:51:40.324+09:00  INFO 69150 --- [    Test worker] t.c.s.AnnotationConfigContextLoaderUtils : Could not detect default configuration classes for test class [com.growth.task.task.controller.TaskAddControllerTest$Describe_POST$Context_without_user_in_task_request]: Context_without_user_in_task_request does not declare any static, non-private, non-final, nested classes annotated with @Configuration.
2023-09-01T17:51:40.343+09:00  INFO 69150 --- [    Test worker] .b.t.c.SpringBootTestContextBootstrapper : Found @SpringBootConfiguration com.growth.task.TaskApplication for test class com.growth.task.task.controller.TaskAddControllerTest$Describe_POST$Context_without_user_in_task_request
2023-09-01T17:51:40.368+09:00  INFO 69150 --- [    Test worker] o.s.b.t.m.w.SpringBootMockServletContext : Initializing Spring TestDispatcherServlet ''
2023-09-01T17:51:40.368+09:00  INFO 69150 --- [    Test worker] o.s.t.web.servlet.TestDispatcherServlet  : Initializing Servlet ''
2023-09-01T17:51:40.369+09:00  INFO 69150 --- [    Test worker] o.s.t.web.servlet.TestDispatcherServlet  : Completed initialization in 0 ms
2023-09-01T17:51:40.376+09:00  WARN 69150 --- [    Test worker] .w.s.m.s.DefaultHandlerExceptionResolver : Resolved [org.springframework.web.bind.MethodArgumentNotValidException: Validation failed for argument [0] in public com.growth.task.task.dto.TaskAddResponse com.growth.task.task.controller.TaskAddController.create(com.growth.task.task.dto.TaskAddRequest): [Field error in object 'taskAddRequest' on field 'userId': rejected value [null]; codes [NotNull.taskAddRequest.userId,NotNull.userId,NotNull.java.lang.Long,NotNull]; arguments [org.springframework.context.support.DefaultMessageSourceResolvable: codes [taskAddRequest.userId,userId]; arguments []; default message [userId]]; default message [user는 필수 입력 값입니다.]] ]

MockHttpServletRequest:
      HTTP Method = POST
      Request URI = /api/v1/tasks
       Parameters = {}
          Headers = [Content-Type:"application/json;charset=UTF-8", Accept:"application/json", Content-Length:"49"]
             Body = {"user_id":null,"task_date":[2023,8,22,10,10,30]}
    Session Attrs = {}

Handler:
             Type = com.growth.task.task.controller.TaskAddController
           Method = com.growth.task.task.controller.TaskAddController#create(TaskAddRequest)

Async:
    Async started = false
     Async result = null

Resolved Exception:
             Type = org.springframework.web.bind.MethodArgumentNotValidException

ModelAndView:
        View name = null
             View = null
            Model = null

FlashMap:
       Attributes = null

MockHttpServletResponse:
           Status = 400
    Error message = Invalid request content.
          Headers = []
     Content type = null
             Body = 
    Forwarded URL = null
   Redirected URL = null
          Cookies = []
Hibernate: 
    select
        t1_0.task_id,
        t1_0.created_at,
        t1_0.task_date,
        t1_0.updated_at,
        t1_0.user_id 
    from
        tasks t1_0
Hibernate: 
    select
        u1_0.user_id,
        u1_0.created_at,
        u1_0.name,
        u1_0.password,
        u1_0.updated_at 
    from
        users u1_0
]]></system-out>
  <system-err><![CDATA[]]></system-err>
</testsuite>
