<?xml version="1.0" encoding="UTF-8"?>
<testsuite name="존재하는 사용자 id와 Task 생성 요청 정보가 주어지면" tests="1" skipped="0" failures="0" errors="0" timestamp="2023-09-01T08:51:40" hostname="caoyus-MacBook-Pro.local" time="0.079">
  <properties/>
  <testcase name="Task를 생성하고, 201을 응답한다" classname="com.growth.task.task.controller.TaskAddControllerTest$Describe_POST$Context_with_task_request_and_existed_user" time="0.079"/>
  <system-out><![CDATA[2023-09-01T17:51:40.511+09:00  INFO 69150 --- [    Test worker] t.c.s.AnnotationConfigContextLoaderUtils : Could not detect default configuration classes for test class [com.growth.task.task.controller.TaskAddControllerTest$Describe_POST$Context_with_task_request_and_existed_user]: Context_with_task_request_and_existed_user does not declare any static, non-private, non-final, nested classes annotated with @Configuration.
2023-09-01T17:51:40.518+09:00  INFO 69150 --- [    Test worker] .b.t.c.SpringBootTestContextBootstrapper : Found @SpringBootConfiguration com.growth.task.TaskApplication for test class com.growth.task.task.controller.TaskAddControllerTest$Describe_POST$Context_with_task_request_and_existed_user
Hibernate: 
    insert 
    into
        users
        (created_at,name,password,updated_at,user_id) 
    values
        (?,?,?,?,default)
2023-09-01T17:51:40.557+09:00 TRACE 69150 --- [    Test worker] org.hibernate.orm.jdbc.bind              : binding parameter [1] as [TIMESTAMP] - [2023-09-01T17:51:40.543019]
2023-09-01T17:51:40.559+09:00 TRACE 69150 --- [    Test worker] org.hibernate.orm.jdbc.bind              : binding parameter [2] as [VARCHAR] - [test user]
2023-09-01T17:51:40.559+09:00 TRACE 69150 --- [    Test worker] org.hibernate.orm.jdbc.bind              : binding parameter [3] as [VARCHAR] - [password]
2023-09-01T17:51:40.559+09:00 TRACE 69150 --- [    Test worker] org.hibernate.orm.jdbc.bind              : binding parameter [4] as [TIMESTAMP] - [2023-09-01T17:51:40.543130]
2023-09-01T17:51:40.583+09:00  INFO 69150 --- [    Test worker] o.s.b.t.m.w.SpringBootMockServletContext : Initializing Spring TestDispatcherServlet ''
2023-09-01T17:51:40.583+09:00  INFO 69150 --- [    Test worker] o.s.t.web.servlet.TestDispatcherServlet  : Initializing Servlet ''
2023-09-01T17:51:40.584+09:00  INFO 69150 --- [    Test worker] o.s.t.web.servlet.TestDispatcherServlet  : Completed initialization in 1 ms
Hibernate: 
    select
        u1_0.user_id,
        u1_0.created_at,
        u1_0.name,
        u1_0.password,
        u1_0.updated_at 
    from
        users u1_0 
    where
        u1_0.user_id=?
2023-09-01T17:51:40.588+09:00 TRACE 69150 --- [    Test worker] org.hibernate.orm.jdbc.bind              : binding parameter [1] as [BIGINT] - [1]
Hibernate: 
    select
        t1_0.task_id,
        t1_0.created_at,
        t1_0.task_date,
        t1_0.updated_at,
        t1_0.user_id 
    from
        tasks t1_0 
    where
        t1_0.task_id=?
2023-09-01T17:51:40.597+09:00 TRACE 69150 --- [    Test worker] org.hibernate.orm.jdbc.bind              : binding parameter [1] as [BIGINT] - [0]
Hibernate: 
    insert 
    into
        tasks
        (created_at,task_date,updated_at,user_id,task_id) 
    values
        (?,?,?,?,default)
2023-09-01T17:51:40.599+09:00 TRACE 69150 --- [    Test worker] org.hibernate.orm.jdbc.bind              : binding parameter [1] as [TIMESTAMP] - [2023-09-01T17:51:40.599095]
2023-09-01T17:51:40.599+09:00 TRACE 69150 --- [    Test worker] org.hibernate.orm.jdbc.bind              : binding parameter [2] as [TIMESTAMP] - [2023-08-22T10:10:30]
2023-09-01T17:51:40.599+09:00 TRACE 69150 --- [    Test worker] org.hibernate.orm.jdbc.bind              : binding parameter [3] as [TIMESTAMP] - [2023-09-01T17:51:40.599114]
2023-09-01T17:51:40.599+09:00 TRACE 69150 --- [    Test worker] org.hibernate.orm.jdbc.bind              : binding parameter [4] as [BIGINT] - [1]

MockHttpServletRequest:
      HTTP Method = POST
      Request URI = /api/v1/tasks
       Parameters = {}
          Headers = [Content-Type:"application/json;charset=UTF-8", Accept:"application/json", Content-Length:"46"]
             Body = {"user_id":1,"task_date":[2023,8,22,10,10,30]}
    Session Attrs = {}

Handler:
             Type = com.growth.task.task.controller.TaskAddController
           Method = com.growth.task.task.controller.TaskAddController#create(TaskAddRequest)

Async:
    Async started = false
     Async result = null

Resolved Exception:
             Type = null

ModelAndView:
        View name = null
             View = null
            Model = null

FlashMap:
       Attributes = null

MockHttpServletResponse:
           Status = 201
    Error message = null
          Headers = [Content-Type:"application/json;charset=UTF-8"]
     Content type = application/json;charset=UTF-8
             Body = {"task_id":1,"user_id":1,"task_date":"2023-08-22T10:10:30","created_at":"2023-09-01T17:51:40.599095"}
    Forwarded URL = null
   Redirected URL = null
          Cookies = []
Hibernate: 
    select
        t1_0.task_id,
        t1_0.created_at,
        t1_0.task_date,
        t1_0.updated_at,
        t1_0.user_id 
    from
        tasks t1_0
Hibernate: 
    delete 
    from
        tasks 
    where
        task_id=?
2023-09-01T17:51:40.637+09:00 TRACE 69150 --- [    Test worker] org.hibernate.orm.jdbc.bind              : binding parameter [1] as [BIGINT] - [1]
Hibernate: 
    select
        u1_0.user_id,
        u1_0.created_at,
        u1_0.name,
        u1_0.password,
        u1_0.updated_at 
    from
        users u1_0
Hibernate: 
    delete 
    from
        users 
    where
        user_id=?
2023-09-01T17:51:40.650+09:00 TRACE 69150 --- [    Test worker] org.hibernate.orm.jdbc.bind              : binding parameter [1] as [BIGINT] - [1]
]]></system-out>
  <system-err><![CDATA[]]></system-err>
</testsuite>
