<?xml version="1.0" encoding="UTF-8"?>
<testsuite name="taskId 가 존재하지만 Todos 가 없는 경우" tests="1" skipped="0" failures="0" errors="0" timestamp="2023-09-01T08:51:41" hostname="caoyus-MacBook-Pro.local" time="0.007">
  <properties/>
  <testcase name="빈 리스트를 반환한다." classname="com.growth.task.todo.application.TodosServiceTest$Describe_getTodosByTaskId$Context_whenTaskIdExistsButNoTodos" time="0.007"/>
  <system-out><![CDATA[]]></system-out>
  <system-err><![CDATA[]]></system-err>
</testsuite>
